<?xml version="1.0" encoding="UTF-8"?>
<testng-results ignored="0" total="1" passed="1" failed="0" skipped="0">
  <reporter-output>
  </reporter-output>
  <suite started-at="2021-03-10T15:54:00 IST" name="Minex" finished-at="2021-03-10T15:54:33 IST" duration-ms="33095">
    <groups>
    </groups>
    <test started-at="2021-03-10T15:54:00 IST" name="Minexc" finished-at="2021-03-10T15:54:33 IST" duration-ms="33095">
      <class name="earning.minex">
        <test-method signature="Minexlogin()[pri:0, instance:earning.minex@3541cb24]" started-at="2021-03-10T15:54:00 IST" name="Minexlogin" finished-at="2021-03-10T15:54:33 IST" duration-ms="32995" status="PASS">
          <reporter-output>
          </reporter-output>
        </test-method> <!-- Minexlogin -->
      </class> <!-- earning.minex -->
    </test> <!-- Minexc -->
  </suite> <!-- Minex -->
</testng-results>
